<?xml version="1.0" encoding="UTF-8"?>
<testng-results skipped="0" failed="0" ignored="0" total="1" passed="1">
  <reporter-output>
  </reporter-output>
  <suite name="Default suite" duration-ms="1203" started-at="2018-06-22T02:44:00Z" finished-at="2018-06-22T02:44:02Z">
    <groups>
    </groups>
    <test name="Default test" duration-ms="1203" started-at="2018-06-22T02:44:00Z" finished-at="2018-06-22T02:44:02Z">
      <class name="RestTests.RestClientPostTest">
        <test-method status="PASS" signature="setUp()[pri:0, instance:RestTests.RestClientPostTest@1efbd816]" name="setUp" is-config="true" duration-ms="6" started-at="2018-06-21T22:44:00Z" finished-at="2018-06-21T22:44:00Z">
          <reporter-output>
          </reporter-output>
        </test-method> <!-- setUp -->
        <test-method status="PASS" signature="postUrl()[pri:0, instance:RestTests.RestClientPostTest@1efbd816]" name="postUrl" duration-ms="1162" started-at="2018-06-21T22:44:00Z" finished-at="2018-06-21T22:44:02Z">
          <reporter-output>
          </reporter-output>
        </test-method> <!-- postUrl -->
      </class> <!-- RestTests.RestClientPostTest -->
    </test> <!-- Default test -->
  </suite> <!-- Default suite -->
</testng-results>
